<?xml version="1.0" encoding="UTF-8"?>
<testng-results ignored="0" total="1" passed="0" failed="1" skipped="0">
  <reporter-output>
    <line>
      <![CDATA[This is the sample screenshot]]>
    </line>
    <line>
      <![CDATA[<a href='C:\Users\DELL\Downloads\frnd\Screenshots\Android_Redmi2\2023-10-16-11-39-33\FRNDpocTest\verifyUserAbleToRechargeSuccessfullyThroughAvailablePayment.png'> <img src='C:\Users\DELL\Downloads\frnd\Screenshots\Android_Redmi2\2023-10-16-11-39-33\FRNDpocTest\verifyUserAbleToRechargeSuccessfullyThroughAvailablePayment.png' height='400' width='400'/> </a>]]>
    </line>
  </reporter-output>
  <suite started-at="2023-10-16T11:39:33 IST" name="Suite" finished-at="2023-10-16T11:40:41 IST" duration-ms="68174">
    <groups>
    </groups>
    <test started-at="2023-10-16T11:39:33 IST" name="Test_UAE" finished-at="2023-10-16T11:40:41 IST" duration-ms="68174">
      <class name="com.QA.Test.FRNDpocTest">
        <test-method is-config="true" signature="beforeSuite()[pri:0, instance:com.QA.Test.FRNDpocTest@45385f75]" started-at="2023-10-16T11:39:31 IST" name="beforeSuite" finished-at="2023-10-16T11:39:33 IST" duration-ms="1816" status="PASS">
          <reporter-output>
          </reporter-output>
        </test-method> <!-- beforeSuite -->
        <test-method is-config="true" signature="beforeTest(java.lang.String,java.lang.String,java.lang.String,java.lang.String,java.lang.String,java.lang.String,java.lang.String,java.lang.String)[pri:0, instance:com.QA.Test.FRNDpocTest@45385f75]" started-at="2023-10-16T11:39:33 IST" name="beforeTest" finished-at="2023-10-16T11:39:49 IST" duration-ms="16715" status="PASS">
          <params>
            <param index="0">
              <value>
                <![CDATA[false]]>
              </value>
            </param>
            <param index="1">
              <value>
                <![CDATA[Android]]>
              </value>
            </param>
            <param index="2">
              <value>
                <![CDATA[9dqwdircpzn7wcfa]]>
              </value>
            </param>
            <param index="3">
              <value>
                <![CDATA[Redmi2]]>
              </value>
            </param>
            <param index="4">
              <value>
                <![CDATA[10000]]>
              </value>
            </param>
            <param index="5">
              <value>
                <![CDATA[11000]]>
              </value>
            </param>
            <param index="6">
              <value>
                <![CDATA[iOSOnly]]>
              </value>
            </param>
            <param index="7">
              <value>
                <![CDATA[iOSOnly]]>
              </value>
            </param>
          </params>
          <reporter-output>
          </reporter-output>
        </test-method> <!-- beforeTest -->
        <test-method is-config="true" signature="beforeClass()[pri:0, instance:com.QA.Test.FRNDpocTest@45385f75]" started-at="2023-10-16T11:39:49 IST" name="beforeClass" finished-at="2023-10-16T11:39:49 IST" duration-ms="4" status="PASS">
          <reporter-output>
          </reporter-output>
        </test-method> <!-- beforeClass -->
        <test-method is-config="true" signature="beforeMethod(java.lang.reflect.Method)[pri:0, instance:com.QA.Test.FRNDpocTest@45385f75]" started-at="2023-10-16T11:39:49 IST" name="beforeMethod" finished-at="2023-10-16T11:39:50 IST" duration-ms="157" status="PASS">
          <params>
            <param index="0">
              <value>
                <![CDATA[public void com.QA.Test.FRNDpocTest.verifyUserAbleToRechargeSuccessfullyThroughAvailablePayment() throws java.lang.InterruptedException]]>
              </value>
            </param>
          </params>
          <reporter-output>
          </reporter-output>
        </test-method> <!-- beforeMethod -->
        <test-method signature="verifyUserAbleToRechargeSuccessfullyThroughAvailablePayment()[pri:0, instance:com.QA.Test.FRNDpocTest@45385f75]" started-at="2023-10-16T11:39:50 IST" name="verifyUserAbleToRechargeSuccessfullyThroughAvailablePayment" finished-at="2023-10-16T11:40:30 IST" duration-ms="40841" status="FAIL">
          <exception class="org.openqa.selenium.NoSuchElementException">
            <message>
              <![CDATA[Can't locate an element by this strategy: By.chained({By.id: com.dating.for.all:id/join})]]>
            </message>
            <full-stacktrace>
              <![CDATA[org.openqa.selenium.NoSuchElementException: Can't locate an element by this strategy: By.chained({By.id: com.dating.for.all:id/join})
at io.appium.java_client.pagefactory.AppiumElementLocator.findElement(AppiumElementLocator.java:126)
at io.appium.java_client.pagefactory.interceptors.InterceptorOfASingleElement.intercept(InterceptorOfASingleElement.java:59)
at io.appium.java_client.android.AndroidElement$$EnhancerByCGLIB$$b598166c.click(<generated>)
at com.QA.Base.BaseTest.click(BaseTest.java:348)
at com.QA.Pages.LandingPage.clickOnLetsGoButton(LandingPage.java:42)
at com.QA.Test.FRNDpocTest.verifyUserAbleToRechargeSuccessfullyThroughAvailablePayment(FRNDpocTest.java:72)
at java.base/jdk.internal.reflect.NativeMethodAccessorImpl.invoke0(Native Method)
at java.base/jdk.internal.reflect.NativeMethodAccessorImpl.invoke(NativeMethodAccessorImpl.java:62)
at java.base/jdk.internal.reflect.DelegatingMethodAccessorImpl.invoke(DelegatingMethodAccessorImpl.java:43)
at java.base/java.lang.reflect.Method.invoke(Method.java:566)
at org.testng.internal.MethodInvocationHelper.invokeMethod(MethodInvocationHelper.java:133)
at org.testng.internal.TestInvoker.invokeMethod(TestInvoker.java:598)
at org.testng.internal.TestInvoker.invokeTestMethod(TestInvoker.java:173)
at org.testng.internal.MethodRunner.runInSequence(MethodRunner.java:46)
at org.testng.internal.TestInvoker$MethodInvocationAgent.invoke(TestInvoker.java:824)
at org.testng.internal.TestInvoker.invokeTestMethods(TestInvoker.java:146)
at org.testng.internal.TestMethodWorker.invokeTestMethods(TestMethodWorker.java:146)
at org.testng.internal.TestMethodWorker.run(TestMethodWorker.java:128)
at java.base/java.util.ArrayList.forEach(ArrayList.java:1541)
at org.testng.TestRunner.privateRun(TestRunner.java:794)
at org.testng.TestRunner.run(TestRunner.java:596)
at org.testng.SuiteRunner.runTest(SuiteRunner.java:377)
at org.testng.SuiteRunner.runSequentially(SuiteRunner.java:371)
at org.testng.SuiteRunner.privateRun(SuiteRunner.java:332)
at org.testng.SuiteRunner.run(SuiteRunner.java:276)
at org.testng.SuiteRunnerWorker.runSuite(SuiteRunnerWorker.java:53)
at org.testng.SuiteRunnerWorker.run(SuiteRunnerWorker.java:96)
at org.testng.TestNG.runSuitesSequentially(TestNG.java:1212)
at org.testng.TestNG.runSuitesLocally(TestNG.java:1134)
at org.testng.TestNG.runSuites(TestNG.java:1063)
at org.testng.TestNG.run(TestNG.java:1031)
at org.testng.remote.AbstractRemoteTestNG.run(AbstractRemoteTestNG.java:115)
at org.testng.remote.RemoteTestNG.initAndRun(RemoteTestNG.java:251)
at org.testng.remote.RemoteTestNG.main(RemoteTestNG.java:77)
Caused by: org.openqa.selenium.TimeoutException: Expected condition failed: waiting for io.appium.java_client.pagefactory.AppiumElementLocator$WaitingFunction@f5b6e78 (tried for 1 second(s) with 500 milliseconds interval)
at org.openqa.selenium.support.ui.FluentWait.timeoutException(FluentWait.java:304)
at org.openqa.selenium.support.ui.FluentWait.until(FluentWait.java:272)
at io.appium.java_client.pagefactory.AppiumElementLocator.waitFor(AppiumElementLocator.java:99)
at io.appium.java_client.pagefactory.AppiumElementLocator.findElement(AppiumElementLocator.java:119)
... 33 more
Caused by: org.openqa.selenium.NoSuchElementException: Cannot locate an element using By.chained({By.id: com.dating.for.all:id/join})
For documentation on this error, please visit: https://www.seleniumhq.org/exceptions/no_such_element.html
Build info: version: '3.141.59', revision: 'e82be7d358', time: '2018-11-14T08:17:03'
System info: host: 'DESKTOP-0RBR930', ip: '192.168.100.107', os.name: 'Windows 10', os.arch: 'amd64', os.version: '10.0', java.version: '11.0.20'
Driver info: driver.version: AndroidDriver
at io.appium.java_client.pagefactory.bys.builder.ByChained.findElement(ByChained.java:74)
at org.openqa.selenium.remote.RemoteWebDriver.findElement(RemoteWebDriver.java:315)
at io.appium.java_client.DefaultGenericMobileDriver.findElement(DefaultGenericMobileDriver.java:57)
at io.appium.java_client.AppiumDriver.findElement(AppiumDriver.java:1)
at io.appium.java_client.android.AndroidDriver.findElement(AndroidDriver.java:1)
at io.appium.java_client.pagefactory.bys.ContentMappedBy.findElement(ContentMappedBy.java:50)
at org.openqa.selenium.remote.RemoteWebDriver.findElement(RemoteWebDriver.java:315)
at io.appium.java_client.DefaultGenericMobileDriver.findElement(DefaultGenericMobileDriver.java:57)
at io.appium.java_client.AppiumDriver.findElement(AppiumDriver.java:1)
at io.appium.java_client.android.AndroidDriver.findElement(AndroidDriver.java:1)
at io.appium.java_client.pagefactory.AppiumElementLocator.lambda$0(AppiumElementLocator.java:120)
at io.appium.java_client.pagefactory.AppiumElementLocator$WaitingFunction.apply(AppiumElementLocator.java:172)
at io.appium.java_client.pagefactory.AppiumElementLocator$WaitingFunction.apply(AppiumElementLocator.java:1)
at org.openqa.selenium.support.ui.FluentWait.until(FluentWait.java:249)
... 35 more
]]>
            </full-stacktrace>
          </exception> <!-- org.openqa.selenium.NoSuchElementException -->
          <reporter-output>
            <line>
              <![CDATA[This is the sample screenshot]]>
            </line>
            <line>
              <![CDATA[<a href='C:\Users\DELL\Downloads\frnd\Screenshots\Android_Redmi2\2023-10-16-11-39-33\FRNDpocTest\verifyUserAbleToRechargeSuccessfullyThroughAvailablePayment.png'> <img src='C:\Users\DELL\Downloads\frnd\Screenshots\Android_Redmi2\2023-10-16-11-39-33\FRNDpocTest\verifyUserAbleToRechargeSuccessfullyThroughAvailablePayment.png' height='400' width='400'/> </a>]]>
            </line>
          </reporter-output>
        </test-method> <!-- verifyUserAbleToRechargeSuccessfullyThroughAvailablePayment -->
        <test-method is-config="true" signature="afterMethod()[pri:0, instance:com.QA.Test.FRNDpocTest@45385f75]" started-at="2023-10-16T11:40:33 IST" name="afterMethod" finished-at="2023-10-16T11:40:41 IST" duration-ms="7778" status="PASS">
          <reporter-output>
          </reporter-output>
        </test-method> <!-- afterMethod -->
        <test-method is-config="true" signature="afterClass()[pri:0, instance:com.QA.Test.FRNDpocTest@45385f75]" started-at="2023-10-16T11:40:41 IST" name="afterClass" finished-at="2023-10-16T11:40:41 IST" duration-ms="1" status="PASS">
          <reporter-output>
          </reporter-output>
        </test-method> <!-- afterClass -->
        <test-method is-config="true" signature="afterSuite()[pri:0, instance:com.QA.Test.FRNDpocTest@45385f75]" started-at="2023-10-16T11:40:46 IST" name="afterSuite" finished-at="2023-10-16T11:40:46 IST" duration-ms="2" status="PASS">
          <reporter-output>
          </reporter-output>
        </test-method> <!-- afterSuite -->
      </class> <!-- com.QA.Test.FRNDpocTest -->
    </test> <!-- Test_UAE -->
  </suite> <!-- Suite -->
</testng-results>
