<?xml version="1.0" encoding="UTF-8"?>
<!-- Generated by org.testng.reporters.JUnitXMLReporter -->
<testsuite ignored="0" hostname="DESKTOP-ISCCBLH" failures="0" tests="5" name="Default test" time="0.086" errors="0" timestamp="2022-12-22T12:02:37 IST">
  <testcase classname="com.QA.Base.BaseTest" name="@BeforeTest beforeTest" time="-1.671690757663E9">
    <failure type="org.testng.TestNGException" message="
Parameter &amp;apos;platformName&amp;apos; is required by BeforeTest on method beforeTest but has not been marked @Optional or defined
in C:\Users\Expert\AppData\Local\Temp\testng-eclipse-1968452277\testng-customsuite.xml">
      <![CDATA[org.testng.TestNGException: 
Parameter 'platformName' is required by BeforeTest on method beforeTest but has not been marked @Optional or defined
in C:\Users\Expert\AppData\Local\Temp\testng-eclipse-1968452277\testng-customsuite.xml
at org.testng.internal.Parameters.createParams(Parameters.java:270)
at org.testng.internal.Parameters.createParametersForMethod(Parameters.java:358)
at org.testng.internal.Parameters.createParameters(Parameters.java:700)
at org.testng.internal.Parameters.createConfigurationParameters(Parameters.java:168)
at org.testng.internal.ConfigInvoker.invokeConfigurations(ConfigInvoker.java:302)
at org.testng.TestRunner.invokeTestConfigurations(TestRunner.java:637)
at org.testng.TestRunner.beforeRun(TestRunner.java:627)
at org.testng.TestRunner.run(TestRunner.java:589)
at org.testng.SuiteRunner.runTest(SuiteRunner.java:377)
at org.testng.SuiteRunner.runSequentially(SuiteRunner.java:371)
at org.testng.SuiteRunner.privateRun(SuiteRunner.java:332)
at org.testng.SuiteRunner.run(SuiteRunner.java:276)
at org.testng.SuiteRunnerWorker.runSuite(SuiteRunnerWorker.java:53)
at org.testng.SuiteRunnerWorker.run(SuiteRunnerWorker.java:96)
at org.testng.TestNG.runSuitesSequentially(TestNG.java:1212)
at org.testng.TestNG.runSuitesLocally(TestNG.java:1134)
at org.testng.TestNG.runSuites(TestNG.java:1063)
at org.testng.TestNG.run(TestNG.java:1031)
at org.testng.remote.AbstractRemoteTestNG.run(AbstractRemoteTestNG.java:115)
at org.testng.remote.RemoteTestNG.initAndRun(RemoteTestNG.java:251)
at org.testng.remote.RemoteTestNG.main(RemoteTestNG.java:77)
]]>
    </failure>
  </testcase> <!-- @BeforeTest beforeTest -->
  <testcase classname="com.QA.Test.LoginTest" name="@BeforeClass beforeClass" time="-1.671690757696E9">
    <skipped/>
  </testcase> <!-- @BeforeClass beforeClass -->
  <testcase classname="com.QA.Test.LoginTest" name="@BeforeMethod beforeMethod" time="-1.671690757707E9">
    <skipped/>
  </testcase> <!-- @BeforeMethod beforeMethod -->
  <testcase classname="com.QA.Test.LoginTest" name="@AfterMethod afterMethod" time="-1.671690757713E9">
    <skipped/>
  </testcase> <!-- @AfterMethod afterMethod -->
  <testcase classname="com.QA.Test.LoginTest" name="@BeforeMethod beforeMethod" time="-1.671690757717E9">
    <skipped/>
  </testcase> <!-- @BeforeMethod beforeMethod -->
  <testcase classname="com.QA.Test.LoginTest" name="@AfterMethod afterMethod" time="-1.671690757721E9">
    <skipped/>
  </testcase> <!-- @AfterMethod afterMethod -->
  <testcase classname="com.QA.Test.LoginTest" name="@BeforeMethod beforeMethod" time="-1.671690757723E9">
    <skipped/>
  </testcase> <!-- @BeforeMethod beforeMethod -->
  <testcase classname="com.QA.Test.LoginTest" name="@AfterMethod afterMethod" time="-1.671690757728E9">
    <skipped/>
  </testcase> <!-- @AfterMethod afterMethod -->
  <testcase classname="com.QA.Test.LoginTest" name="@BeforeMethod beforeMethod" time="-1.671690757731E9">
    <skipped/>
  </testcase> <!-- @BeforeMethod beforeMethod -->
  <testcase classname="com.QA.Test.LoginTest" name="@AfterMethod afterMethod" time="-1.671690757735E9">
    <skipped/>
  </testcase> <!-- @AfterMethod afterMethod -->
  <testcase classname="com.QA.Test.LoginTest" name="@BeforeMethod beforeMethod" time="-1.671690757738E9">
    <skipped/>
  </testcase> <!-- @BeforeMethod beforeMethod -->
  <testcase classname="com.QA.Test.LoginTest" name="@AfterMethod afterMethod" time="-1.671690757743E9">
    <skipped/>
  </testcase> <!-- @AfterMethod afterMethod -->
  <testcase classname="com.QA.Test.LoginTest" name="@AfterClass afterClass" time="-1.671690757745E9">
    <skipped/>
  </testcase> <!-- @AfterClass afterClass -->
  <testcase classname="com.QA.Test.LoginTest" name="LoginToNextGen" time="0.0">
    <skipped/>
  </testcase> <!-- LoginToNextGen -->
  <testcase classname="com.QA.Test.LoginTest" name="VerifyBackButton" time="0.0">
    <skipped/>
  </testcase> <!-- VerifyBackButton -->
  <testcase classname="com.QA.Test.LoginTest" name="VerifyForgotPassword" time="0.0">
    <skipped/>
  </testcase> <!-- VerifyForgotPassword -->
  <testcase classname="com.QA.Test.LoginTest" name="VerifyLoginUIScreen" time="0.0">
    <skipped/>
  </testcase> <!-- VerifyLoginUIScreen -->
  <testcase classname="com.QA.Test.LoginTest" name="VerifyTheRegisterHyperlink" time="0.0">
    <skipped/>
  </testcase> <!-- VerifyTheRegisterHyperlink -->
</testsuite> <!-- Default test -->
