<?xml version="1.0" encoding="UTF-8"?>
<!-- Generated by org.testng.reporters.JUnitXMLReporter -->
<testsuite ignored="0" hostname="DESKTOP-ISCCBLH" failures="0" tests="5" name="OnePlus 9 Pro 5G" time="20.983" errors="0" timestamp="2022-12-22T11:53:12 IST">
  <testcase classname="com.QA.Test.LoginTest" name="@BeforeMethod beforeMethod" time="0.016">
    <failure type="java.lang.RuntimeException" message="java.lang.NoSuchMethodException: jdk.proxy2.$Proxy32.proxyClassLookup()">
      <![CDATA[java.lang.RuntimeException: java.lang.NoSuchMethodException: jdk.proxy2.$Proxy32.proxyClassLookup()
at io.appium.java_client.pagefactory.bys.builder.AppiumByBuilder.prepareAnnotationMethods(AppiumByBuilder.java:85)
at io.appium.java_client.pagefactory.bys.builder.AppiumByBuilder.getFilledValue(AppiumByBuilder.java:92)
at io.appium.java_client.pagefactory.bys.builder.AppiumByBuilder.createBy(AppiumByBuilder.java:148)
at io.appium.java_client.pagefactory.DefaultElementByBuilder.getBys(DefaultElementByBuilder.java:133)
at io.appium.java_client.pagefactory.DefaultElementByBuilder.buildMobileNativeBy(DefaultElementByBuilder.java:170)
at io.appium.java_client.pagefactory.DefaultElementByBuilder.buildBy(DefaultElementByBuilder.java:204)
at io.appium.java_client.pagefactory.AppiumElementLocatorFactory.createLocator(AppiumElementLocatorFactory.java:66)
at io.appium.java_client.pagefactory.AppiumElementLocatorFactory.createLocator(AppiumElementLocatorFactory.java:53)
at io.appium.java_client.pagefactory.AppiumElementLocatorFactory.createLocator(AppiumElementLocatorFactory.java:1)
at org.openqa.selenium.support.pagefactory.DefaultFieldDecorator.decorate(DefaultFieldDecorator.java:56)
at io.appium.java_client.pagefactory.AppiumFieldDecorator.decorate(AppiumFieldDecorator.java:154)
at org.openqa.selenium.support.PageFactory.proxyFields(PageFactory.java:113)
at org.openqa.selenium.support.PageFactory.initElements(PageFactory.java:105)
at com.QA.Base.BaseTest.<init>(BaseTest.java:120)
at com.QA.Pages.LoginPage.<init>(LoginPage.java:9)
at com.QA.Test.LoginTest.beforeMethod(LoginTest.java:60)
at java.base/java.util.ArrayList.forEach(ArrayList.java:1511)
Caused by: java.lang.NoSuchMethodException: jdk.proxy2.$Proxy32.proxyClassLookup()
at java.base/java.lang.Class.getMethod(Class.java:2277)
at io.appium.java_client.pagefactory.bys.builder.AppiumByBuilder.prepareAnnotationMethods(AppiumByBuilder.java:83)
... 45 more
... Removed 29 stack frames]]>
    </failure>
  </testcase> <!-- @BeforeMethod beforeMethod -->
  <testcase classname="com.QA.Test.LoginTest" name="@AfterMethod afterMethod" time="-1.671690192703E9">
    <skipped/>
  </testcase> <!-- @AfterMethod afterMethod -->
  <testcase classname="com.QA.Test.LoginTest" name="@BeforeMethod beforeMethod" time="-1.671690192707E9">
    <skipped/>
  </testcase> <!-- @BeforeMethod beforeMethod -->
  <testcase classname="com.QA.Test.LoginTest" name="@AfterMethod afterMethod" time="-1.671690192718E9">
    <skipped/>
  </testcase> <!-- @AfterMethod afterMethod -->
  <testcase classname="com.QA.Test.LoginTest" name="@BeforeMethod beforeMethod" time="-1.67169019272E9">
    <skipped/>
  </testcase> <!-- @BeforeMethod beforeMethod -->
  <testcase classname="com.QA.Test.LoginTest" name="@AfterMethod afterMethod" time="-1.671690192726E9">
    <skipped/>
  </testcase> <!-- @AfterMethod afterMethod -->
  <testcase classname="com.QA.Test.LoginTest" name="@BeforeMethod beforeMethod" time="-1.671690192732E9">
    <skipped/>
  </testcase> <!-- @BeforeMethod beforeMethod -->
  <testcase classname="com.QA.Test.LoginTest" name="@AfterMethod afterMethod" time="-1.671690192741E9">
    <skipped/>
  </testcase> <!-- @AfterMethod afterMethod -->
  <testcase classname="com.QA.Test.LoginTest" name="@BeforeMethod beforeMethod" time="-1.671690192743E9">
    <skipped/>
  </testcase> <!-- @BeforeMethod beforeMethod -->
  <testcase classname="com.QA.Test.LoginTest" name="@AfterMethod afterMethod" time="-1.671690192758E9">
    <skipped/>
  </testcase> <!-- @AfterMethod afterMethod -->
  <testcase classname="com.QA.Test.LoginTest" name="@AfterClass afterClass" time="-1.671690192763E9">
    <skipped/>
  </testcase> <!-- @AfterClass afterClass -->
  <testcase classname="com.QA.Test.LoginTest" name="LoginToNextGen" time="0.0">
    <skipped/>
  </testcase> <!-- LoginToNextGen -->
  <testcase classname="com.QA.Test.LoginTest" name="VerifyBackButton" time="0.0">
    <skipped/>
  </testcase> <!-- VerifyBackButton -->
  <testcase classname="com.QA.Test.LoginTest" name="VerifyForgotPassword" time="0.0">
    <skipped/>
  </testcase> <!-- VerifyForgotPassword -->
  <testcase classname="com.QA.Test.LoginTest" name="VerifyLoginUIScreen" time="0.0">
    <skipped/>
  </testcase> <!-- VerifyLoginUIScreen -->
  <testcase classname="com.QA.Test.LoginTest" name="VerifyTheRegisterHyperlink" time="0.0">
    <skipped/>
  </testcase> <!-- VerifyTheRegisterHyperlink -->
</testsuite> <!-- OnePlus 9 Pro 5G -->
