<?xml version="1.0" encoding="UTF-8"?>
<!-- Generated by org.testng.reporters.JUnitReportReporter -->
<testsuite hostname="DESKTOP-2CLFJ58" failures="0" tests="9" name="com.QA.Test.AudioCallTest" time="2.630" errors="1" timestamp="2023-12-14T12:54:04 IST" skipped="8">
  <testcase classname="com.QA.Test.AudioCallTest" name="beforeMethod" time="2.630">
    <error message="java.lang.NoSuchMethodException: jdk.proxy2.$Proxy29.proxyClassLookup()" type="java.lang.RuntimeException">
      <![CDATA[java.lang.RuntimeException: java.lang.NoSuchMethodException: jdk.proxy2.$Proxy29.proxyClassLookup()
at io.appium.java_client.pagefactory.bys.builder.AppiumByBuilder.prepareAnnotationMethods(AppiumByBuilder.java:85)
at io.appium.java_client.pagefactory.bys.builder.AppiumByBuilder.getFilledValue(AppiumByBuilder.java:92)
at io.appium.java_client.pagefactory.bys.builder.AppiumByBuilder.createBy(AppiumByBuilder.java:148)
at io.appium.java_client.pagefactory.DefaultElementByBuilder.getBys(DefaultElementByBuilder.java:133)
at io.appium.java_client.pagefactory.DefaultElementByBuilder.buildMobileNativeBy(DefaultElementByBuilder.java:170)
at io.appium.java_client.pagefactory.DefaultElementByBuilder.buildBy(DefaultElementByBuilder.java:204)
at io.appium.java_client.pagefactory.AppiumElementLocatorFactory.createLocator(AppiumElementLocatorFactory.java:66)
at io.appium.java_client.pagefactory.AppiumElementLocatorFactory.createLocator(AppiumElementLocatorFactory.java:53)
at io.appium.java_client.pagefactory.AppiumElementLocatorFactory.createLocator(AppiumElementLocatorFactory.java:1)
at org.openqa.selenium.support.pagefactory.DefaultFieldDecorator.decorate(DefaultFieldDecorator.java:56)
at io.appium.java_client.pagefactory.AppiumFieldDecorator.decorate(AppiumFieldDecorator.java:154)
at org.openqa.selenium.support.PageFactory.proxyFields(PageFactory.java:113)
at org.openqa.selenium.support.PageFactory.initElements(PageFactory.java:105)
at com.QA.Base.BaseTest.<init>(BaseTest.java:94)
at com.QA.Pages.LandingPage.<init>(LandingPage.java:18)
at com.QA.Test.AudioCallTest.beforeMethod(AudioCallTest.java:53)
at java.base/jdk.internal.reflect.DirectMethodHandleAccessor.invoke(DirectMethodHandleAccessor.java:103)
at java.base/java.lang.reflect.Method.invoke(Method.java:580)
at org.testng.internal.MethodInvocationHelper.invokeMethod(MethodInvocationHelper.java:133)
at org.testng.internal.MethodInvocationHelper.invokeMethodConsideringTimeout(MethodInvocationHelper.java:62)
at org.testng.internal.ConfigInvoker.invokeConfigurationMethod(ConfigInvoker.java:385)
at org.testng.internal.ConfigInvoker.invokeConfigurations(ConfigInvoker.java:321)
at org.testng.internal.TestInvoker.runConfigMethods(TestInvoker.java:700)
at org.testng.internal.TestInvoker.invokeMethod(TestInvoker.java:527)
at org.testng.internal.TestInvoker.invokeTestMethod(TestInvoker.java:173)
at org.testng.internal.MethodRunner.runInSequence(MethodRunner.java:46)
at org.testng.internal.TestInvoker$MethodInvocationAgent.invoke(TestInvoker.java:824)
at org.testng.internal.TestInvoker.invokeTestMethods(TestInvoker.java:146)
at org.testng.internal.TestMethodWorker.invokeTestMethods(TestMethodWorker.java:146)
at org.testng.internal.TestMethodWorker.run(TestMethodWorker.java:128)
at java.base/java.util.ArrayList.forEach(ArrayList.java:1596)
at org.testng.TestRunner.privateRun(TestRunner.java:794)
at org.testng.TestRunner.run(TestRunner.java:596)
at org.testng.SuiteRunner.runTest(SuiteRunner.java:377)
at org.testng.SuiteRunner.access$000(SuiteRunner.java:28)
at org.testng.SuiteRunner$SuiteWorker.run(SuiteRunner.java:418)
at org.testng.internal.thread.ThreadUtil.lambda$execute$0(ThreadUtil.java:64)
at java.base/java.util.concurrent.FutureTask.run(FutureTask.java:317)
at java.base/java.util.concurrent.ThreadPoolExecutor.runWorker(ThreadPoolExecutor.java:1144)
at java.base/java.util.concurrent.ThreadPoolExecutor$Worker.run(ThreadPoolExecutor.java:642)
at java.base/java.lang.Thread.run(Thread.java:1583)
Caused by: java.lang.NoSuchMethodException: jdk.proxy2.$Proxy29.proxyClassLookup()
at java.base/java.lang.Class.getMethod(Class.java:2395)
at io.appium.java_client.pagefactory.bys.builder.AppiumByBuilder.prepareAnnotationMethods(AppiumByBuilder.java:83)
... 40 more
]]>
    </error>
  </testcase> <!-- beforeMethod -->
  <system-out/>
  <testcase classname="com.QA.Test.AudioCallTest" name="VerifyCoinBalanceAfterUserSendsGiftAccordingToTimer" time="0.000">
    <skipped/>
  </testcase> <!-- VerifyCoinBalanceAfterUserSendsGiftAccordingToTimer -->
  <system-out/>
  <testcase classname="com.QA.Test.AudioCallTest" name="verifyUserNotAbleToJoinRoomWhenHostBanUser">
    <skipped/>
  </testcase> <!-- verifyUserNotAbleToJoinRoomWhenHostBanUser -->
  <system-out/>
  <testcase classname="com.QA.Test.AudioCallTest" name="checkThatMuteUnmuteFunctionalityIsWorkingAsExpected">
    <skipped/>
  </testcase> <!-- checkThatMuteUnmuteFunctionalityIsWorkingAsExpected -->
  <system-out/>
  <testcase classname="com.QA.Test.AudioCallTest" name="verifyThatUserAbleToRemoveTheVoiceCallWhenHostRemoveParticularUsers">
    <skipped/>
  </testcase> <!-- verifyThatUserAbleToRemoveTheVoiceCallWhenHostRemoveParticularUsers -->
  <system-out/>
  <testcase classname="com.QA.Test.AudioCallTest" name="verifyThatUsersAreAbleToJoinInVoiceCallAccordingCoinBalance">
    <skipped/>
  </testcase> <!-- verifyThatUsersAreAbleToJoinInVoiceCallAccordingCoinBalance -->
  <system-out/>
  <testcase classname="com.QA.Test.AudioCallTest" name="withDrawAmount">
    <skipped/>
  </testcase> <!-- withDrawAmount -->
  <system-out/>
  <testcase classname="com.QA.Test.AudioCallTest" name="verifyUserAbleToHostVoiceCallAndExitFromRoom">
    <skipped/>
  </testcase> <!-- verifyUserAbleToHostVoiceCallAndExitFromRoom -->
  <system-out/>
  <testcase classname="com.QA.Test.AudioCallTest" name="verifyThatUserAbleToLeaveThatGameDuringONGame">
    <skipped/>
  </testcase> <!-- verifyThatUserAbleToLeaveThatGameDuringONGame -->
  <system-out/>
</testsuite> <!-- com.QA.Test.AudioCallTest -->
